<?xml version="1.0" encoding="UTF-8" ?><testsuite errors="0" name="jasmine.specs" tests="1" failures="0" skipped="0" hostname="localhost" time="0.0" timestamp="2020-11-28T10:34:00"><testcase classname="jasmine" name="The Pair Sum add two numbers with given sum" time="0.0" failure="false"/></testsuite>